<?xml version="1.0" encoding="UTF-8"?>
<!-- Generated by org.testng.reporters.JUnitReportReporter -->
<testsuite hostname="LAPTOP-0PAA5I9T" failures="0" tests="2" name="cucumber.testNGTestRunner" time="19.798" errors="2" timestamp="2023-10-23T08:54:06 EDT" skipped="0">
  <testcase classname="cucumber.testNGTestRunner" name="runScenario" time="8.801">
    <error message="Cannot invoke &quot;bgacademy.pageobjects.LandingPage.loginApplication(String, String)&quot; because &quot;this.landingPage&quot; is null" type="java.lang.NullPointerException">
      <![CDATA[java.lang.NullPointerException: Cannot invoke "bgacademy.pageobjects.LandingPage.loginApplication(String, String)" because "this.landingPage" is null
at stepDefinitions.StepDefinitionImpl.logged_in_username_and_password(StepDefinitionImpl.java:35)
at ✽.Logged in with username rahulshetty@gmail.com and password IamKing@000(file:///C:/Users/burha/eclipse-workspace/SeleniumFrameworkDesign/src/test/java/cucumber/SubmitOrder.feature:12)
]]>
    </error>
  </testcase> <!-- runScenario -->
  <testcase classname="cucumber.testNGTestRunner" name="runScenario" time="10.997">
    <error message="Cannot invoke &quot;bgacademy.pageobjects.LandingPage.loginApplication(String, String)&quot; because &quot;this.landingPage&quot; is null" type="java.lang.NullPointerException">
      <![CDATA[java.lang.NullPointerException: Cannot invoke "bgacademy.pageobjects.LandingPage.loginApplication(String, String)" because "this.landingPage" is null
at stepDefinitions.StepDefinitionImpl.logged_in_username_and_password(StepDefinitionImpl.java:35)
at ✽.Logged in with username rahulshetty@gmail.com and password IamKing@0(file:///C:/Users/burha/eclipse-workspace/SeleniumFrameworkDesign/src/test/java/cucumber/ErrorValidations.feature:9)
]]>
    </error>
  </testcase> <!-- runScenario -->
</testsuite> <!-- cucumber.testNGTestRunner -->
